<?xml version="1.0" encoding="UTF-8"?>
<!-- Generated by org.testng.reporters.JUnitXMLReporter -->
<testsuite hostname="RavindraPC" ignored="4" name="Test" tests="3" failures="1" timestamp="2020-04-03T16:08:31 IST" time="72.243" errors="0">
  <testcase name="@AfterMethod tearDown" time="0.0" classname="com.crm.qa.base.Testbase">
    <failure type="java.lang.NullPointerException">
      <![CDATA[java.lang.NullPointerException
at com.crm.qa.base.Testbase.tearDown(Testbase.java:108)
at java.util.ArrayList.forEach(ArrayList.java:1249)
... Removed 32 stack frames]]>
    </failure>
  </testcase> <!-- @AfterMethod tearDown -->
  <testcase name="clickonadminpageTest" time="30.166" classname="com.hrm.qa.testcases.AdminPageTest"/>
  <testcase name="login" time="5.871" classname="com.hrm.qa.testcases.LoginpageTest"/>
  <testcase name="clickonadminpaygradeTestTest" time="0.001" classname="com.hrm.qa.testcases.Admin_PaygradesTest">
    <failure type="java.lang.NullPointerException">
      <![CDATA[java.lang.NullPointerException
at com.hrm.qa.testcases.Admin_PaygradesTest.clickonadminpaygradeTestTest(Admin_PaygradesTest.java:83)
at java.util.ArrayList.forEach(ArrayList.java:1249)
... Removed 27 stack frames]]>
    </failure>
  </testcase> <!-- clickonadminpaygradeTestTest -->
  <testcase name="@BeforeTest setextent" time="0.0" classname="com.hrm.qa.testcases.LoginpageTest">
    <ignored/>
  </testcase> <!-- @BeforeTest setextent -->
  <testcase name="@BeforeTest setextent" time="0.0" classname="com.crm.qa.base.Testbase">
    <ignored/>
  </testcase> <!-- @BeforeTest setextent -->
  <testcase name="@AfterTest endreport" time="0.0" classname="com.hrm.qa.testcases.LoginpageTest">
    <ignored/>
  </testcase> <!-- @AfterTest endreport -->
  <testcase name="@AfterTest endreport" time="0.0" classname="com.crm.qa.base.Testbase">
    <ignored/>
  </testcase> <!-- @AfterTest endreport -->
</testsuite> <!-- Test -->
