<?xml version="1.0" encoding="UTF-8"?>
<!-- Generated by org.testng.reporters.JUnitXMLReporter -->
<testsuite hostname="RavindraPC" ignored="0" name="Test" tests="3" failures="2" timestamp="2020-03-30T11:54:34 IST" time="83.639" errors="0">
  <testcase name="clickonadminpageTest" time="0.11" classname="com.hrm.qa.testcases.Admin_PaygradesTest">
    <failure type="java.lang.NullPointerException">
      <![CDATA[java.lang.NullPointerException
at com.hrm.qa.testcases.Admin_PaygradesTest.clickonadminpageTest(Admin_PaygradesTest.java:52)
at java.util.ArrayList.forEach(Unknown Source)
... Removed 27 stack frames]]>
    </failure>
  </testcase> <!-- clickonadminpageTest -->
  <testcase name="clickonadminpageTest" time="0.002" classname="com.hrm.qa.testcases.AdminPageTest">
    <failure type="java.lang.NullPointerException">
      <![CDATA[java.lang.NullPointerException
at com.hrm.qa.testcases.AdminPageTest.clickonadminpageTest(AdminPageTest.java:44)
at java.util.ArrayList.forEach(Unknown Source)
... Removed 27 stack frames]]>
    </failure>
  </testcase> <!-- clickonadminpageTest -->
  <testcase name="login" time="3.887" classname="com.hrm.qa.testcases.LoginpageTest"/>
</testsuite> <!-- Test -->
