<?xml version="1.0" encoding="UTF-8"?>
<testng-results skipped="0" failed="0" ignored="0" total="3" passed="3">
  <reporter-output>
  </reporter-output>
  <suite name="OrangeHRM" duration-ms="164966" started-at="2020-04-04T04:59:43Z" finished-at="2020-04-04T05:02:28Z">
    <groups>
    </groups>
    <test name="Adminpage" duration-ms="62829" started-at="2020-04-04T04:59:43Z" finished-at="2020-04-04T05:00:46Z">
      <class name="com.hrm.qa.testcases.AdminPageTest">
        <test-method status="PASS" signature="setextent()[pri:0, instance:com.hrm.qa.testcases.AdminPageTest@1dd025]" name="setextent" is-config="true" duration-ms="158" started-at="2020-04-04T04:59:43Z" finished-at="2020-04-04T04:59:43Z">
          <reporter-output>
          </reporter-output>
        </test-method> <!-- setextent -->
        <test-method status="PASS" signature="setup()[pri:0, instance:com.hrm.qa.testcases.AdminPageTest@1dd025]" name="setup" is-config="true" duration-ms="9428" started-at="2020-04-04T04:59:43Z" finished-at="2020-04-04T04:59:52Z">
          <reporter-output>
          </reporter-output>
        </test-method> <!-- setup -->
        <test-method status="PASS" signature="clickonadminpageTest()[pri:1, instance:com.hrm.qa.testcases.AdminPageTest@1dd025]" name="clickonadminpageTest" duration-ms="52078" started-at="2020-04-04T04:59:52Z" finished-at="2020-04-04T05:00:44Z">
          <reporter-output>
          </reporter-output>
        </test-method> <!-- clickonadminpageTest -->
        <test-method status="PASS" signature="tearDown(org.testng.ITestResult)[pri:0, instance:com.hrm.qa.testcases.AdminPageTest@1dd025]" name="tearDown" is-config="true" duration-ms="637" started-at="2020-04-04T05:00:44Z" finished-at="2020-04-04T05:00:45Z">
          <params>
            <param index="0">
              <value>
                <![CDATA[[TestResult name=clickonadminpageTest status=SUCCESS method=AdminPageTest.clickonadminpageTest()[pri:1, instance:com.hrm.qa.testcases.AdminPageTest@1dd025] output={null}]]]>
              </value>
            </param>
          </params>
          <reporter-output>
          </reporter-output>
        </test-method> <!-- tearDown -->
        <test-method status="PASS" signature="endreport()[pri:0, instance:com.hrm.qa.testcases.AdminPageTest@1dd025]" name="endreport" is-config="true" duration-ms="507" started-at="2020-04-04T05:00:45Z" finished-at="2020-04-04T05:00:46Z">
          <reporter-output>
          </reporter-output>
        </test-method> <!-- endreport -->
      </class> <!-- com.hrm.qa.testcases.AdminPageTest -->
    </test> <!-- Adminpage -->
    <test name="Loginpage" duration-ms="11957" started-at="2020-04-04T05:00:46Z" finished-at="2020-04-04T05:00:58Z">
      <class name="com.hrm.qa.testcases.LoginpageTest">
        <test-method status="PASS" signature="setextent()[pri:0, instance:com.hrm.qa.testcases.LoginpageTest@193932a]" name="setextent" is-config="true" duration-ms="4" started-at="2020-04-04T05:00:46Z" finished-at="2020-04-04T05:00:46Z">
          <reporter-output>
          </reporter-output>
        </test-method> <!-- setextent -->
        <test-method status="PASS" signature="setup()[pri:0, instance:com.hrm.qa.testcases.LoginpageTest@193932a]" name="setup" is-config="true" duration-ms="8933" started-at="2020-04-04T05:00:46Z" finished-at="2020-04-04T05:00:55Z">
          <reporter-output>
          </reporter-output>
        </test-method> <!-- setup -->
        <test-method status="PASS" signature="login()[pri:1, instance:com.hrm.qa.testcases.LoginpageTest@193932a]" name="login" duration-ms="3019" started-at="2020-04-04T05:00:55Z" finished-at="2020-04-04T05:00:58Z">
          <reporter-output>
          </reporter-output>
        </test-method> <!-- login -->
        <test-method status="PASS" signature="endreport()[pri:0, instance:com.hrm.qa.testcases.LoginpageTest@193932a]" name="endreport" is-config="true" duration-ms="0" started-at="2020-04-04T05:00:58Z" finished-at="2020-04-04T05:00:58Z">
          <reporter-output>
          </reporter-output>
        </test-method> <!-- endreport -->
      </class> <!-- com.hrm.qa.testcases.LoginpageTest -->
    </test> <!-- Loginpage -->
    <test name="Adminpaygrade" duration-ms="89970" started-at="2020-04-04T05:00:58Z" finished-at="2020-04-04T05:02:28Z">
      <class name="com.hrm.qa.testcases.Admin_PaygradesTest">
        <test-method status="PASS" signature="setextent()[pri:0, instance:com.hrm.qa.testcases.Admin_PaygradesTest@469c48]" name="setextent" is-config="true" duration-ms="1" started-at="2020-04-04T05:00:58Z" finished-at="2020-04-04T05:00:58Z">
          <reporter-output>
          </reporter-output>
        </test-method> <!-- setextent -->
        <test-method status="PASS" signature="setup()[pri:0, instance:com.hrm.qa.testcases.Admin_PaygradesTest@469c48]" name="setup" is-config="true" duration-ms="7584" started-at="2020-04-04T05:00:58Z" finished-at="2020-04-04T05:01:05Z">
          <reporter-output>
          </reporter-output>
        </test-method> <!-- setup -->
        <test-method status="PASS" signature="clickonadminpaygradeTestTest()[pri:1, instance:com.hrm.qa.testcases.Admin_PaygradesTest@469c48]" name="clickonadminpaygradeTestTest" duration-ms="81615" started-at="2020-04-04T05:01:05Z" finished-at="2020-04-04T05:02:27Z">
          <reporter-output>
          </reporter-output>
        </test-method> <!-- clickonadminpaygradeTestTest -->
        <test-method status="PASS" signature="tearDown(org.testng.ITestResult)[pri:0, instance:com.hrm.qa.testcases.Admin_PaygradesTest@469c48]" name="tearDown" is-config="true" duration-ms="646" started-at="2020-04-04T05:02:27Z" finished-at="2020-04-04T05:02:28Z">
          <params>
            <param index="0">
              <value>
                <![CDATA[[TestResult name=clickonadminpaygradeTestTest status=SUCCESS method=Admin_PaygradesTest.clickonadminpaygradeTestTest()[pri:1, instance:com.hrm.qa.testcases.Admin_PaygradesTest@469c48] output={null}]]]>
              </value>
            </param>
          </params>
          <reporter-output>
          </reporter-output>
        </test-method> <!-- tearDown -->
        <test-method status="PASS" signature="endreport()[pri:0, instance:com.hrm.qa.testcases.Admin_PaygradesTest@469c48]" name="endreport" is-config="true" duration-ms="123" started-at="2020-04-04T05:02:28Z" finished-at="2020-04-04T05:02:28Z">
          <reporter-output>
          </reporter-output>
        </test-method> <!-- endreport -->
      </class> <!-- com.hrm.qa.testcases.Admin_PaygradesTest -->
    </test> <!-- Adminpaygrade -->
  </suite> <!-- OrangeHRM -->
</testng-results>
