<?xml version="1.0" encoding="UTF-8"?>
<testsuite name="TestSuite" time="51.431" tests="3" errors="0" skipped="0" failures="1">
  <properties>
[...]
</properties>
  <testcase name="clickonadminpageTest" classname="com.hrm.qa.testcases.Admin_PaygradesTest" time="22.282">
    <failure message="no such element: Unable to locate element: {&quot;method&quot;:&quot;css selector&quot;,&quot;selector&quot;:&quot;#payGrade_name&quot;}&#10;  (Session info: chrome=80.0.3987.162)&#10;For documentation on this error, please visit: https://www.seleniumhq.org/exceptions/no_such_element.html&#10;Build info: version: &apos;3.141.59&apos;, revision: &apos;e82be7d358&apos;, time: &apos;2018-11-14T08:17:03&apos;&#10;System info: host: &apos;RAVINDRAPC&apos;, ip: &apos;192.168.43.56&apos;, os.name: &apos;Windows 10&apos;, os.arch: &apos;x86&apos;, os.version: &apos;10.0&apos;, java.version: &apos;1.8.0_141&apos;&#10;Driver info: org.openqa.selenium.chrome.ChromeDriver&#10;Capabilities {acceptInsecureCerts: false, browserName: chrome, browserVersion: 80.0.3987.162, chrome: {chromedriverVersion: 80.0.3987.106 (f68069574609..., userDataDir: C:\Windows\TEMP\scoped_dir1...}, goog:chromeOptions: {debuggerAddress: localhost:51537}, javascriptEnabled: true, networkConnectionEnabled: false, pageLoadStrategy: normal, platform: WINDOWS, platformName: WINDOWS, proxy: Proxy(), setWindowRect: true, strictFileInteractability: false, timeouts: {implicit: 0, pageLoad: 300000, script: 30000}, unhandledPromptBehavior: dismiss and notify}&#10;Session ID: ffe9c31dda559e53d8b0c9ca1ca67ac0&#10;*** Element info: {Using=id, value=payGrade_name}" type="org.openqa.selenium.NoSuchElementException">org.openqa.selenium.NoSuchElementException: no such element: Unable to locate element: {"method":"css selector","selector":"#payGrade_name"}
  (Session info: chrome=80.0.3987.162)
For documentation on this error, please visit: https://www.seleniumhq.org/exceptions/no_such_element.html
Build info: version: '3.141.59', revision: 'e82be7d358', time: '2018-11-14T08:17:03'
System info: host: 'RAVINDRAPC', ip: '192.168.43.56', os.name: 'Windows 10', os.arch: 'x86', os.version: '10.0', java.version: '1.8.0_141'
Driver info: org.openqa.selenium.chrome.ChromeDriver
Capabilities {acceptInsecureCerts: false, browserName: chrome, browserVersion: 80.0.3987.162, chrome: {chromedriverVersion: 80.0.3987.106 (f68069574609..., userDataDir: C:\Windows\TEMP\scoped_dir1...}, goog:chromeOptions: {debuggerAddress: localhost:51537}, javascriptEnabled: true, networkConnectionEnabled: false, pageLoadStrategy: normal, platform: WINDOWS, platformName: WINDOWS, proxy: Proxy(), setWindowRect: true, strictFileInteractability: false, timeouts: {implicit: 0, pageLoad: 300000, script: 30000}, unhandledPromptBehavior: dismiss and notify}
Session ID: ffe9c31dda559e53d8b0c9ca1ca67ac0
*** Element info: {Using=id, value=payGrade_name}
	at sun.reflect.NativeConstructorAccessorImpl.newInstance0(Native Method)
	at sun.reflect.NativeConstructorAccessorImpl.newInstance(NativeConstructorAccessorImpl.java:62)
	at sun.reflect.DelegatingConstructorAccessorImpl.newInstance(DelegatingConstructorAccessorImpl.java:45)
	at java.lang.reflect.Constructor.newInstance(Constructor.java:423)
	at org.openqa.selenium.remote.http.W3CHttpResponseCodec.createException(W3CHttpResponseCodec.java:187)
	at org.openqa.selenium.remote.http.W3CHttpResponseCodec.decode(W3CHttpResponseCodec.java:122)
	at org.openqa.selenium.remote.http.W3CHttpResponseCodec.decode(W3CHttpResponseCodec.java:49)
	at org.openqa.selenium.remote.HttpCommandExecutor.execute(HttpCommandExecutor.java:158)
	at org.openqa.selenium.remote.service.DriverCommandExecutor.execute(DriverCommandExecutor.java:83)
	at org.openqa.selenium.remote.RemoteWebDriver.execute(RemoteWebDriver.java:552)
	at org.openqa.selenium.remote.RemoteWebDriver.findElement(RemoteWebDriver.java:323)
	at org.openqa.selenium.remote.RemoteWebDriver.findElementById(RemoteWebDriver.java:372)
	at org.openqa.selenium.By$ById.findElement(By.java:188)
	at org.openqa.selenium.remote.RemoteWebDriver.findElement(RemoteWebDriver.java:315)
	at org.openqa.selenium.support.pagefactory.DefaultElementLocator.findElement(DefaultElementLocator.java:69)
	at org.openqa.selenium.support.pagefactory.internal.LocatingElementHandler.invoke(LocatingElementHandler.java:38)
	at com.sun.proxy.$Proxy9.sendKeys(Unknown Source)
	at com.hrm.qa.pages.Admin_Paygrades.ReadExcelFile(Admin_Paygrades.java:85)
	at com.hrm.qa.testcases.Admin_PaygradesTest.clickonadminpageTest(Admin_PaygradesTest.java:84)
</failure>
    <system-out><![CDATA[[TestNGContentHandler] [WARN] It is strongly recommended to add "<!DOCTYPE suite SYSTEM "http://testng.org/testng-1.0.dtd" >" at the top of your file, otherwise TestNG may fail or not work as expected.
chrome
the Screenshot is taken
OrangeHRM
Done Mouse hover on 'admin' from Menu
3
]]></system-out>
    <system-err><![CDATA[Starting ChromeDriver 80.0.3987.106 (f68069574609230cf9b635cd784cfb1bf81bb53a-refs/branch-heads/3987@{#882}) on port 22121
Only local connections are allowed.
Please protect ports used by ChromeDriver and related test frameworks to prevent access by malicious code.
Apr 03, 2020 10:27:32 AM org.openqa.selenium.remote.ProtocolHandshake createSession
INFO: Detected dialect: W3C
[1585889855.603][SEVERE]: Timed out receiving message from renderer: 0.100
[1585889855.704][SEVERE]: Timed out receiving message from renderer: 0.100
[1585889855.814][SEVERE]: Timed out receiving message from renderer: 0.100
[1585889855.919][SEVERE]: Timed out receiving message from renderer: 0.100
[1585889856.025][SEVERE]: Timed out receiving message from renderer: 0.100
[1585889856.127][SEVERE]: Timed out receiving message from renderer: 0.100
[1585889856.236][SEVERE]: Timed out receiving message from renderer: 0.100
[1585889856.338][SEVERE]: Timed out receiving message from renderer: 0.100
[1585889856.440][SEVERE]: Timed out receiving message from renderer: 0.100
[1585889856.542][SEVERE]: Timed out receiving message from renderer: 0.100
[1585889856.646][SEVERE]: Timed out receiving message from renderer: 0.100
[1585889856.750][SEVERE]: Timed out receiving message from renderer: 0.100
[1585889856.852][SEVERE]: Timed out receiving message from renderer: 0.100
[1585889856.955][SEVERE]: Timed out receiving message from renderer: 0.100
[1585889857.062][SEVERE]: Timed out receiving message from renderer: 0.100
[1585889857.166][SEVERE]: Timed out receiving message from renderer: 0.100
[1585889857.267][SEVERE]: Timed out receiving message from renderer: 0.100
[1585889857.376][SEVERE]: Timed out receiving message from renderer: 0.100
[1585889857.479][SEVERE]: Timed out receiving message from renderer: 0.100
[1585889857.581][SEVERE]: Timed out receiving message from renderer: 0.100
[1585889857.683][SEVERE]: Timed out receiving message from renderer: 0.100
[1585889857.785][SEVERE]: Timed out receiving message from renderer: 0.100
[1585889857.970][SEVERE]: Timed out receiving message from renderer: 0.100
[1585889858.077][SEVERE]: Timed out receiving message from renderer: 0.100
[1585889858.179][SEVERE]: Timed out receiving message from renderer: 0.100
[1585889858.283][SEVERE]: Timed out receiving message from renderer: 0.100
[1585889858.461][SEVERE]: Timed out receiving message from renderer: 0.100
[1585889858.562][SEVERE]: Timed out receiving message from renderer: 0.100
[1585889858.665][SEVERE]: Timed out receiving message from renderer: 0.100
[1585889858.767][SEVERE]: Timed out receiving message from renderer: 0.100
[1585889858.870][SEVERE]: Timed out receiving message from renderer: 0.100
[1585889858.975][SEVERE]: Timed out receiving message from renderer: 0.100
[1585889859.181][SEVERE]: Timed out receiving message from renderer: 0.100
[1585889860.316][SEVERE]: Timed out receiving message from renderer: 0.100
[1585889860.421][SEVERE]: Timed out receiving message from renderer: 0.100
[1585889864.991][SEVERE]: Timed out receiving message from renderer: 0.100
[1585889865.092][SEVERE]: Timed out receiving message from renderer: 0.100
[1585889865.194][SEVERE]: Timed out receiving message from renderer: 0.100
[1585889865.295][SEVERE]: Timed out receiving message from renderer: 0.100
[1585889865.502][SEVERE]: Timed out receiving message from renderer: 0.100
[1585889865.604][SEVERE]: Timed out receiving message from renderer: 0.100
[1585889865.706][SEVERE]: Timed out receiving message from renderer: 0.100
[1585889865.808][SEVERE]: Timed out receiving message from renderer: 0.100
[1585889865.928][SEVERE]: Timed out receiving message from renderer: 0.100
[1585889866.029][SEVERE]: Timed out receiving message from renderer: 0.100
[1585889866.130][SEVERE]: Timed out receiving message from renderer: 0.100
[1585889866.232][SEVERE]: Timed out receiving message from renderer: 0.100
[1585889866.336][SEVERE]: Timed out receiving message from renderer: 0.100
[1585889866.439][SEVERE]: Timed out receiving message from renderer: 0.100
[1585889871.287][SEVERE]: Timed out receiving message from renderer: 0.100
[1585889871.388][SEVERE]: Timed out receiving message from renderer: 0.100
[1585889871.489][SEVERE]: Timed out receiving message from renderer: 0.100
[1585889871.592][SEVERE]: Timed out receiving message from renderer: 0.100
[1585889871.696][SEVERE]: Timed out receiving message from renderer: 0.100
[1585889871.914][SEVERE]: Timed out receiving message from renderer: 0.100
[1585889872.015][SEVERE]: Timed out receiving message from renderer: 0.100
[1585889872.119][SEVERE]: Timed out receiving message from renderer: 0.100
[1585889872.222][SEVERE]: Timed out receiving message from renderer: 0.100
[1585889872.326][SEVERE]: Timed out receiving message from renderer: 0.100
]]></system-err>
  </testcase>
  <testcase name="clickonadminpageTest" classname="com.hrm.qa.testcases.AdminPageTest" time="26.503"/>
  <testcase name="login" classname="com.hrm.qa.testcases.LoginpageTest" time="2.646"/>
</testsuite>