<?xml version="1.0" encoding="UTF-8"?>
<testng-results skipped="0" failed="0" ignored="0" total="3" passed="3">
  <reporter-output>
  </reporter-output>
  <suite name="OrangeHRM" duration-ms="127288" started-at="2020-04-03T16:18:48 IST" finished-at="2020-04-03T16:20:56 IST">
    <groups>
    </groups>
    <test name="Adminpage" duration-ms="47602" started-at="2020-04-03T16:18:48 IST" finished-at="2020-04-03T16:19:36 IST">
      <class name="com.hrm.qa.testcases.AdminPageTest">
        <test-method status="PASS" signature="setextent()[pri:0, instance:com.hrm.qa.testcases.AdminPageTest@cdbdf5]" name="setextent" is-config="true" duration-ms="208" started-at="2020-04-03T16:18:48 IST" finished-at="2020-04-03T16:18:49 IST">
          <reporter-output>
          </reporter-output>
        </test-method> <!-- setextent -->
        <test-method status="PASS" signature="setup()[pri:0, instance:com.hrm.qa.testcases.AdminPageTest@cdbdf5]" name="setup" is-config="true" duration-ms="18060" started-at="2020-04-03T16:18:49 IST" finished-at="2020-04-03T16:19:07 IST">
          <reporter-output>
          </reporter-output>
        </test-method> <!-- setup -->
        <test-method status="PASS" signature="clickonadminpageTest()[pri:1, instance:com.hrm.qa.testcases.AdminPageTest@cdbdf5]" name="clickonadminpageTest" duration-ms="28035" started-at="2020-04-03T16:19:07 IST" finished-at="2020-04-03T16:19:35 IST">
          <reporter-output>
          </reporter-output>
        </test-method> <!-- clickonadminpageTest -->
        <test-method status="PASS" signature="tearDown(org.testng.ITestResult)[pri:0, instance:com.hrm.qa.testcases.AdminPageTest@cdbdf5]" name="tearDown" is-config="true" duration-ms="643" started-at="2020-04-03T16:19:35 IST" finished-at="2020-04-03T16:19:35 IST">
          <params>
            <param index="0">
              <value>
                <![CDATA[[TestResult name=clickonadminpageTest status=SUCCESS method=AdminPageTest.clickonadminpageTest()[pri:1, instance:com.hrm.qa.testcases.AdminPageTest@cdbdf5] output={null}]]]>
              </value>
            </param>
          </params>
          <reporter-output>
          </reporter-output>
        </test-method> <!-- tearDown -->
        <test-method status="PASS" signature="endreport()[pri:0, instance:com.hrm.qa.testcases.AdminPageTest@cdbdf5]" name="endreport" is-config="true" duration-ms="607" started-at="2020-04-03T16:19:35 IST" finished-at="2020-04-03T16:19:36 IST">
          <reporter-output>
          </reporter-output>
        </test-method> <!-- endreport -->
      </class> <!-- com.hrm.qa.testcases.AdminPageTest -->
    </test> <!-- Adminpage -->
    <test name="Loginpage" duration-ms="19270" started-at="2020-04-03T16:19:36 IST" finished-at="2020-04-03T16:19:56 IST">
      <class name="com.hrm.qa.testcases.LoginpageTest">
        <test-method status="PASS" signature="setextent()[pri:0, instance:com.hrm.qa.testcases.LoginpageTest@1943d71]" name="setextent" is-config="true" duration-ms="2" started-at="2020-04-03T16:19:36 IST" finished-at="2020-04-03T16:19:36 IST">
          <reporter-output>
          </reporter-output>
        </test-method> <!-- setextent -->
        <test-method status="PASS" signature="setup()[pri:0, instance:com.hrm.qa.testcases.LoginpageTest@1943d71]" name="setup" is-config="true" duration-ms="12309" started-at="2020-04-03T16:19:36 IST" finished-at="2020-04-03T16:19:49 IST">
          <reporter-output>
          </reporter-output>
        </test-method> <!-- setup -->
        <test-method status="PASS" signature="login()[pri:1, instance:com.hrm.qa.testcases.LoginpageTest@1943d71]" name="login" duration-ms="6951" started-at="2020-04-03T16:19:49 IST" finished-at="2020-04-03T16:19:56 IST">
          <reporter-output>
          </reporter-output>
        </test-method> <!-- login -->
        <test-method status="PASS" signature="endreport()[pri:0, instance:com.hrm.qa.testcases.LoginpageTest@1943d71]" name="endreport" is-config="true" duration-ms="1" started-at="2020-04-03T16:19:56 IST" finished-at="2020-04-03T16:19:56 IST">
          <reporter-output>
          </reporter-output>
        </test-method> <!-- endreport -->
      </class> <!-- com.hrm.qa.testcases.LoginpageTest -->
    </test> <!-- Loginpage -->
    <test name="Adminpaygrade" duration-ms="60252" started-at="2020-04-03T16:19:56 IST" finished-at="2020-04-03T16:20:56 IST">
      <class name="com.hrm.qa.testcases.Admin_PaygradesTest">
        <test-method status="PASS" signature="setextent()[pri:0, instance:com.hrm.qa.testcases.Admin_PaygradesTest@742aa2]" name="setextent" is-config="true" duration-ms="2" started-at="2020-04-03T16:19:56 IST" finished-at="2020-04-03T16:19:56 IST">
          <reporter-output>
          </reporter-output>
        </test-method> <!-- setextent -->
        <test-method status="PASS" signature="setup()[pri:0, instance:com.hrm.qa.testcases.Admin_PaygradesTest@742aa2]" name="setup" is-config="true" duration-ms="10965" started-at="2020-04-03T16:19:56 IST" finished-at="2020-04-03T16:20:06 IST">
          <reporter-output>
          </reporter-output>
        </test-method> <!-- setup -->
        <test-method status="PASS" signature="clickonadminpaygradeTestTest()[pri:1, instance:com.hrm.qa.testcases.Admin_PaygradesTest@742aa2]" name="clickonadminpaygradeTestTest" duration-ms="48473" started-at="2020-04-03T16:20:06 IST" finished-at="2020-04-03T16:20:55 IST">
          <reporter-output>
          </reporter-output>
        </test-method> <!-- clickonadminpaygradeTestTest -->
        <test-method status="PASS" signature="tearDown(org.testng.ITestResult)[pri:0, instance:com.hrm.qa.testcases.Admin_PaygradesTest@742aa2]" name="tearDown" is-config="true" duration-ms="684" started-at="2020-04-03T16:20:55 IST" finished-at="2020-04-03T16:20:56 IST">
          <params>
            <param index="0">
              <value>
                <![CDATA[[TestResult name=clickonadminpaygradeTestTest status=SUCCESS method=Admin_PaygradesTest.clickonadminpaygradeTestTest()[pri:1, instance:com.hrm.qa.testcases.Admin_PaygradesTest@742aa2] output={null}]]]>
              </value>
            </param>
          </params>
          <reporter-output>
          </reporter-output>
        </test-method> <!-- tearDown -->
        <test-method status="PASS" signature="endreport()[pri:0, instance:com.hrm.qa.testcases.Admin_PaygradesTest@742aa2]" name="endreport" is-config="true" duration-ms="123" started-at="2020-04-03T16:20:56 IST" finished-at="2020-04-03T16:20:56 IST">
          <reporter-output>
          </reporter-output>
        </test-method> <!-- endreport -->
      </class> <!-- com.hrm.qa.testcases.Admin_PaygradesTest -->
    </test> <!-- Adminpaygrade -->
  </suite> <!-- OrangeHRM -->
</testng-results>
